2022-09-25 21:36:24.375512	DEBUG	database	Db class instantiated
2022-09-25 21:36:24.375971	DEBUG	database	Db test class instantiated
2022-09-25 21:36:24.435295	ERROR	database	Traceback (most recent call last):
2022-09-25 21:36:24.435295	ERROR	database	  File "/srv/grow/database/__init__.py", line 57, in connect
2022-09-25 21:36:24.435295	ERROR	database	    self.conn = psycopg2.connect(
2022-09-25 21:36:24.435295	ERROR	database	  File "/srv/grow/venv/lib/python3.9/site-packages/psycopg2/__init__.py", line 122, in connect
2022-09-25 21:36:24.435295	ERROR	database	    conn = _connect(dsn, connection_factory=connection_factory, **kwasync)
2022-09-25 21:36:24.435295	ERROR	database	psycopg2.OperationalError: FATAL:  password authentication failed for user "groo"
2022-09-25 21:36:24.435295	ERROR	database	FATAL:  password authentication failed for user "groo"
2022-09-25 21:36:24.435295	ERROR	database	
2022-09-25 21:36:24.435295	ERROR	database	
2022-09-25 21:38:20.414142	DEBUG	database	Db class instantiated
2022-09-25 21:38:20.414799	DEBUG	database	Db test class instantiated
2022-09-25 21:38:20.437136	DEBUG	database	Db connected
2022-09-25 21:38:20.438675	DEBUG	database	Db class instantiated
2022-09-25 21:38:20.439373	DEBUG	database	Db test class instantiated
2022-09-25 21:38:20.458002	DEBUG	database	Db connected
2022-09-25 21:38:20.478283	DEBUG	database	Db transaction committed
2022-09-25 21:38:20.479173	DEBUG	database	Db connection closed
2022-09-25 21:38:20.498411	DEBUG	database	Db connected
2022-09-25 21:38:20.502340	DEBUG	database	Db connection closed
2022-09-25 21:38:20.520942	DEBUG	database	Db connected
2022-09-25 21:38:20.621222	DEBUG	database	Db transaction committed
2022-09-25 21:38:20.637922	DEBUG	database	Db transaction committed
2022-09-25 21:38:20.638788	DEBUG	database	Db connection closed
2022-09-25 21:38:20.658869	DEBUG	database	Db connected
2022-09-25 21:38:20.719560	DEBUG	database	Db transaction committed
2022-09-25 21:38:20.720000	INFO	database	Db table test_table created
2022-09-25 21:38:20.729805	DEBUG	database	Db transaction committed
2022-09-25 21:38:20.739975	DEBUG	database	Db transaction committed
2022-09-25 21:38:20.763111	DEBUG	database	Db transaction committed
2022-09-25 21:38:20.763656	INFO	database	Db table test_table created
2022-09-25 21:38:20.766958	DEBUG	database	Db class instantiated
2022-09-25 21:38:20.767511	DEBUG	database	Db test class instantiated
2022-09-25 21:38:20.787414	DEBUG	database	Db connected
2022-09-25 21:38:20.788446	DEBUG	database	Db connection closed
2022-09-25 21:38:20.789454	DEBUG	database	Db class instantiated
2022-09-25 21:38:20.790105	DEBUG	database	Db test class instantiated
2022-09-25 21:38:20.808804	DEBUG	database	Db connected
2022-09-25 21:38:20.817912	DEBUG	database	Db transaction committed
2022-09-25 21:38:20.846672	DEBUG	database	Db transaction committed
2022-09-25 21:38:20.847126	INFO	database	Db table test_table created
2022-09-25 21:38:20.859934	DEBUG	database	Db transaction committed
2022-09-25 21:38:20.867711	DEBUG	database	Db transaction committed
2022-09-25 21:38:20.896172	DEBUG	database	Db transaction committed
2022-09-25 21:38:20.896817	INFO	database	Db table test_table created
2022-09-25 21:38:20.900956	DEBUG	database	Db.add() inserted row in test_table
2022-09-25 21:38:20.903451	DEBUG	database	Db transaction committed
2022-09-25 21:38:20.904152	INFO	database	Db.add() 1 row(s) to database
2022-09-25 21:38:20.907232	DEBUG	database	Db class instantiated
2022-09-25 21:38:20.908116	DEBUG	database	Db test class instantiated
2022-09-25 21:38:20.928220	DEBUG	database	Db connected
2022-09-25 21:38:20.936852	DEBUG	database	Db transaction committed
2022-09-25 21:38:20.962633	DEBUG	database	Db transaction committed
2022-09-25 21:38:20.963062	INFO	database	Db table test_table created
2022-09-25 21:38:20.965648	DEBUG	database	Db.add() inserted row in test_table
2022-09-25 21:38:20.968660	DEBUG	database	Db transaction committed
2022-09-25 21:38:20.969112	INFO	database	Db.add() 1 row(s) to database
2022-09-25 21:52:59.497696	DEBUG	database	Db class instantiated
2022-09-25 21:52:59.498173	DEBUG	database	Db test class instantiated
2022-09-25 21:52:59.520397	DEBUG	database	Db connected
2022-09-25 21:52:59.521844	DEBUG	database	Db class instantiated
2022-09-25 21:52:59.522504	DEBUG	database	Db test class instantiated
2022-09-25 21:52:59.540975	DEBUG	database	Db connected
2022-09-25 21:52:59.551348	DEBUG	database	Db transaction committed
2022-09-25 21:52:59.552098	DEBUG	database	Db connection closed
2022-09-25 21:52:59.571061	DEBUG	database	Db connected
2022-09-25 21:52:59.573772	DEBUG	database	Db connection closed
2022-09-25 21:52:59.593104	DEBUG	database	Db connected
2022-09-25 21:52:59.624719	DEBUG	database	Db transaction committed
2022-09-25 21:52:59.633882	DEBUG	database	Db transaction committed
2022-09-25 21:52:59.634724	DEBUG	database	Db connection closed
2022-09-25 21:52:59.654080	DEBUG	database	Db connected
2022-09-25 21:52:59.689362	DEBUG	database	Db transaction committed
2022-09-25 21:52:59.690452	INFO	database	Db table test_table created
2022-09-25 21:52:59.698344	DEBUG	database	Db transaction committed
2022-09-25 21:52:59.709742	DEBUG	database	Db transaction committed
2022-09-25 21:52:59.734891	DEBUG	database	Db transaction committed
2022-09-25 21:52:59.735313	INFO	database	Db table test_table created
2022-09-25 21:52:59.738317	DEBUG	database	Db class instantiated
2022-09-25 21:52:59.738921	DEBUG	database	Db test class instantiated
2022-09-25 21:52:59.758026	DEBUG	database	Db connected
2022-09-25 21:52:59.759016	DEBUG	database	Db connection closed
2022-09-25 21:52:59.759860	DEBUG	database	Db class instantiated
2022-09-25 21:52:59.760376	DEBUG	database	Db test class instantiated
2022-09-25 21:52:59.779244	DEBUG	database	Db connected
2022-09-25 21:52:59.788295	DEBUG	database	Db transaction committed
2022-09-25 21:52:59.813941	DEBUG	database	Db transaction committed
2022-09-25 21:52:59.814361	INFO	database	Db table test_table created
2022-09-25 21:52:59.823187	DEBUG	database	Db transaction committed
2022-09-25 21:52:59.832054	DEBUG	database	Db transaction committed
2022-09-25 21:52:59.856856	DEBUG	database	Db transaction committed
2022-09-25 21:52:59.857279	INFO	database	Db table test_table created
2022-09-25 21:52:59.860049	DEBUG	database	Db.add() inserted row in test_table
2022-09-25 21:52:59.863272	DEBUG	database	Db transaction committed
2022-09-25 21:52:59.863670	INFO	database	Db.add() 1 row(s) to database
2022-09-25 21:52:59.866080	DEBUG	database	Db class instantiated
2022-09-25 21:52:59.866512	DEBUG	database	Db test class instantiated
2022-09-25 21:52:59.886045	DEBUG	database	Db connected
2022-09-25 21:52:59.898193	DEBUG	database	Db transaction committed
2022-09-25 21:52:59.921879	DEBUG	database	Db transaction committed
2022-09-25 21:52:59.922262	INFO	database	Db table test_table created
2022-09-25 21:52:59.924489	DEBUG	database	Db.add() inserted row in test_table
2022-09-25 21:52:59.926843	DEBUG	database	Db transaction committed
2022-09-25 21:52:59.927231	INFO	database	Db.add() 1 row(s) to database
2022-09-25 21:53:16.469851	DEBUG	database	Db class instantiated
2022-09-25 21:53:16.471035	DEBUG	database	Db test class instantiated
2022-09-25 21:53:16.495239	DEBUG	database	Db connected
2022-09-25 21:53:16.496886	DEBUG	database	Db class instantiated
2022-09-25 21:53:16.497582	DEBUG	database	Db test class instantiated
2022-09-25 21:53:16.516943	DEBUG	database	Db connected
2022-09-25 21:53:16.529941	DEBUG	database	Db transaction committed
2022-09-25 21:53:16.530846	DEBUG	database	Db connection closed
2022-09-25 21:53:16.550441	DEBUG	database	Db connected
2022-09-25 21:53:16.553341	DEBUG	database	Db connection closed
2022-09-25 21:53:16.572926	DEBUG	database	Db connected
2022-09-25 21:53:16.602280	DEBUG	database	Db transaction committed
2022-09-25 21:53:16.610432	DEBUG	database	Db transaction committed
2022-09-25 21:53:16.611247	DEBUG	database	Db connection closed
2022-09-25 21:53:16.632645	DEBUG	database	Db connected
2022-09-25 21:53:16.663212	DEBUG	database	Db transaction committed
2022-09-25 21:53:16.663644	INFO	database	Db table test_table created
2022-09-25 21:53:16.671812	DEBUG	database	Db transaction committed
2022-09-25 21:53:16.682670	DEBUG	database	Db transaction committed
2022-09-25 21:53:16.705283	DEBUG	database	Db transaction committed
2022-09-25 21:53:16.705706	INFO	database	Db table test_table created
2022-09-25 21:53:16.708336	DEBUG	database	Db class instantiated
2022-09-25 21:53:16.709449	DEBUG	database	Db test class instantiated
2022-09-25 21:53:16.728309	DEBUG	database	Db connected
2022-09-25 21:53:16.729323	DEBUG	database	Db connection closed
2022-09-25 21:53:16.730286	DEBUG	database	Db class instantiated
2022-09-25 21:53:16.730920	DEBUG	database	Db test class instantiated
2022-09-25 21:53:16.752086	DEBUG	database	Db connected
2022-09-25 21:53:16.761424	DEBUG	database	Db transaction committed
2022-09-25 21:53:16.791029	DEBUG	database	Db transaction committed
2022-09-25 21:53:16.791459	INFO	database	Db table test_table created
2022-09-25 21:53:16.795851	DEBUG	database	Db transaction committed
2022-09-25 21:53:16.803224	DEBUG	database	Db transaction committed
2022-09-25 21:53:16.826737	DEBUG	database	Db transaction committed
2022-09-25 21:53:16.827165	INFO	database	Db table test_table created
2022-09-25 21:53:16.830010	DEBUG	database	Db.add() inserted row in test_table
2022-09-25 21:53:16.833230	DEBUG	database	Db transaction committed
2022-09-25 21:53:16.833665	INFO	database	Db.add() 1 row(s) to database
2022-09-25 21:53:16.837932	DEBUG	database	Db class instantiated
2022-09-25 21:53:16.838539	DEBUG	database	Db test class instantiated
2022-09-25 21:53:16.857180	DEBUG	database	Db connected
2022-09-25 21:53:16.866623	DEBUG	database	Db transaction committed
2022-09-25 21:53:16.892998	DEBUG	database	Db transaction committed
2022-09-25 21:53:16.893387	INFO	database	Db table test_table created
2022-09-25 21:53:16.895582	DEBUG	database	Db.add() inserted row in test_table
2022-09-25 21:53:16.898066	DEBUG	database	Db transaction committed
2022-09-25 21:53:16.898554	INFO	database	Db.add() 1 row(s) to database
2022-09-25 21:53:38.597063	DEBUG	database	Db class instantiated
2022-09-25 21:53:38.597538	DEBUG	database	Db test class instantiated
2022-09-25 21:53:38.619820	DEBUG	database	Db connected
2022-09-25 21:53:38.621213	DEBUG	database	Db class instantiated
2022-09-25 21:53:38.621683	DEBUG	database	Db test class instantiated
2022-09-25 21:53:38.640445	DEBUG	database	Db connected
2022-09-25 21:53:38.652035	DEBUG	database	Db transaction committed
2022-09-25 21:53:38.656817	DEBUG	database	Db connection closed
2022-09-25 21:53:38.675401	DEBUG	database	Db connected
2022-09-25 21:53:38.677826	DEBUG	database	Db connection closed
2022-09-25 21:53:38.696552	DEBUG	database	Db connected
2022-09-25 21:53:38.725725	DEBUG	database	Db transaction committed
2022-09-25 21:53:38.736691	DEBUG	database	Db transaction committed
2022-09-25 21:53:38.737518	DEBUG	database	Db connection closed
2022-09-25 21:53:38.757079	DEBUG	database	Db connected
2022-09-25 21:53:38.788545	DEBUG	database	Db transaction committed
2022-09-25 21:53:38.788966	INFO	database	Db table test_table created
2022-09-25 21:53:38.794094	DEBUG	database	Db transaction committed
2022-09-25 21:53:38.805269	DEBUG	database	Db transaction committed
2022-09-25 21:53:38.830559	DEBUG	database	Db transaction committed
2022-09-25 21:53:38.830976	INFO	database	Db table test_table created
2022-09-25 21:53:38.833539	DEBUG	database	Db class instantiated
2022-09-25 21:53:38.834382	DEBUG	database	Db test class instantiated
2022-09-25 21:53:38.853701	DEBUG	database	Db connected
2022-09-25 21:53:38.854757	DEBUG	database	Db connection closed
2022-09-25 21:53:38.855760	DEBUG	database	Db class instantiated
2022-09-25 21:53:38.856493	DEBUG	database	Db test class instantiated
2022-09-25 21:53:38.876087	DEBUG	database	Db connected
2022-09-25 21:53:38.885008	DEBUG	database	Db transaction committed
2022-09-25 21:53:38.912784	DEBUG	database	Db transaction committed
2022-09-25 21:53:38.913218	INFO	database	Db table test_table created
2022-09-25 21:53:38.918822	DEBUG	database	Db transaction committed
2022-09-25 21:53:38.929518	DEBUG	database	Db transaction committed
2022-09-25 21:53:38.952494	DEBUG	database	Db transaction committed
2022-09-25 21:53:38.952961	INFO	database	Db table test_table created
2022-09-25 21:53:38.955737	DEBUG	database	Db.add() inserted row in test_table
2022-09-25 21:53:38.958416	DEBUG	database	Db transaction committed
2022-09-25 21:53:38.958881	INFO	database	Db.add() 1 row(s) to database
2022-09-25 21:53:38.961569	DEBUG	database	Db class instantiated
2022-09-25 21:53:38.962064	DEBUG	database	Db test class instantiated
2022-09-25 21:53:38.981383	DEBUG	database	Db connected
2022-09-25 21:53:38.990934	DEBUG	database	Db transaction committed
2022-09-25 21:53:39.017637	DEBUG	database	Db transaction committed
2022-09-25 21:53:39.018064	INFO	database	Db table test_table created
2022-09-25 21:53:39.020667	DEBUG	database	Db.add() inserted row in test_table
2022-09-25 21:53:39.022820	DEBUG	database	Db transaction committed
2022-09-25 21:53:39.023308	INFO	database	Db.add() 1 row(s) to database
2022-09-25 21:54:12.697329	DEBUG	database	Db class instantiated
2022-09-25 21:54:12.697832	DEBUG	database	Db test class instantiated
2022-09-25 21:54:12.726494	DEBUG	database	Db connected
2022-09-25 21:54:12.727847	DEBUG	database	Db class instantiated
2022-09-25 21:54:12.728387	DEBUG	database	Db test class instantiated
2022-09-25 21:54:12.747722	DEBUG	database	Db connected
2022-09-25 21:54:12.756421	DEBUG	database	Db transaction committed
2022-09-25 21:54:12.757149	DEBUG	database	Db connection closed
2022-09-25 21:54:12.775913	DEBUG	database	Db connected
2022-09-25 21:54:12.778552	DEBUG	database	Db connection closed
2022-09-25 21:54:12.799798	DEBUG	database	Db connected
2022-09-25 21:54:12.825817	DEBUG	database	Db transaction committed
2022-09-25 21:54:12.834738	DEBUG	database	Db transaction committed
2022-09-25 21:54:12.835507	DEBUG	database	Db connection closed
2022-09-25 21:54:12.854426	DEBUG	database	Db connected
2022-09-25 21:54:12.939553	DEBUG	database	Db transaction committed
2022-09-25 21:54:12.939972	INFO	database	Db table test_table created
2022-09-25 21:54:12.946319	DEBUG	database	Db transaction committed
2022-09-25 21:54:12.960560	DEBUG	database	Db transaction committed
2022-09-25 21:54:12.982765	DEBUG	database	Db transaction committed
2022-09-25 21:54:12.983189	INFO	database	Db table test_table created
2022-09-25 21:54:12.985877	DEBUG	database	Db class instantiated
2022-09-25 21:54:12.986286	DEBUG	database	Db test class instantiated
2022-09-25 21:54:13.007170	DEBUG	database	Db connected
2022-09-25 21:54:13.008249	DEBUG	database	Db connection closed
2022-09-25 21:54:13.009285	DEBUG	database	Db class instantiated
2022-09-25 21:54:13.009818	DEBUG	database	Db test class instantiated
2022-09-25 21:54:13.029024	DEBUG	database	Db connected
2022-09-25 21:54:13.038048	DEBUG	database	Db transaction committed
2022-09-25 21:54:13.064777	DEBUG	database	Db transaction committed
2022-09-25 21:54:13.065209	INFO	database	Db table test_table created
2022-09-25 21:54:13.073706	DEBUG	database	Db transaction committed
2022-09-25 21:54:13.081401	DEBUG	database	Db transaction committed
2022-09-25 21:54:13.105352	DEBUG	database	Db transaction committed
2022-09-25 21:54:13.105771	INFO	database	Db table test_table created
2022-09-25 21:54:13.108507	DEBUG	database	Db.add() inserted row in test_table
2022-09-25 21:54:13.111649	DEBUG	database	Db transaction committed
2022-09-25 21:54:13.112048	INFO	database	Db.add() 1 row(s) to database
2022-09-25 21:54:13.114364	DEBUG	database	Db class instantiated
2022-09-25 21:54:13.115090	DEBUG	database	Db test class instantiated
2022-09-25 21:54:13.134179	DEBUG	database	Db connected
2022-09-25 21:54:13.144363	DEBUG	database	Db transaction committed
2022-09-25 21:54:13.171374	DEBUG	database	Db transaction committed
2022-09-25 21:54:13.171797	INFO	database	Db table test_table created
2022-09-25 21:54:13.174226	DEBUG	database	Db.add() inserted row in test_table
2022-09-25 21:54:13.176489	DEBUG	database	Db transaction committed
2022-09-25 21:54:13.176987	INFO	database	Db.add() 1 row(s) to database
2022-09-25 21:54:39.173117	DEBUG	database	Db class instantiated
2022-09-25 21:54:39.173603	DEBUG	database	Db test class instantiated
2022-09-25 21:54:39.195646	DEBUG	database	Db connected
2022-09-25 21:54:39.197013	DEBUG	database	Db class instantiated
2022-09-25 21:54:39.197508	DEBUG	database	Db test class instantiated
2022-09-25 21:54:39.216294	DEBUG	database	Db connected
2022-09-25 21:54:39.227975	DEBUG	database	Db transaction committed
2022-09-25 21:54:39.228824	DEBUG	database	Db connection closed
2022-09-25 21:54:39.248553	DEBUG	database	Db connected
2022-09-25 21:54:39.250947	DEBUG	database	Db connection closed
2022-09-25 21:54:39.270003	DEBUG	database	Db connected
2022-09-25 21:54:39.301868	DEBUG	database	Db transaction committed
2022-09-25 21:54:39.309842	DEBUG	database	Db transaction committed
2022-09-25 21:54:39.310645	DEBUG	database	Db connection closed
2022-09-25 21:54:39.329541	DEBUG	database	Db connected
2022-09-25 21:54:39.366108	DEBUG	database	Db transaction committed
2022-09-25 21:54:39.369279	INFO	database	Db table test_table created
2022-09-25 21:54:39.375095	DEBUG	database	Db transaction committed
2022-09-25 21:54:39.388054	DEBUG	database	Db transaction committed
2022-09-25 21:54:39.409617	DEBUG	database	Db transaction committed
2022-09-25 21:54:39.410045	INFO	database	Db table test_table created
2022-09-25 21:54:39.412688	DEBUG	database	Db class instantiated
2022-09-25 21:54:39.413214	DEBUG	database	Db test class instantiated
2022-09-25 21:54:39.432167	DEBUG	database	Db connected
2022-09-25 21:54:39.433053	DEBUG	database	Db connection closed
2022-09-25 21:54:39.433794	DEBUG	database	Db class instantiated
2022-09-25 21:54:39.435782	DEBUG	database	Db test class instantiated
2022-09-25 21:54:39.453918	DEBUG	database	Db connected
2022-09-25 21:54:39.463656	DEBUG	database	Db transaction committed
2022-09-25 21:54:39.492706	DEBUG	database	Db transaction committed
2022-09-25 21:54:39.493149	INFO	database	Db table test_table created
2022-09-25 21:54:39.498704	DEBUG	database	Db transaction committed
2022-09-25 21:54:39.506453	DEBUG	database	Db transaction committed
2022-09-25 21:54:39.531935	DEBUG	database	Db transaction committed
2022-09-25 21:54:39.532381	INFO	database	Db table test_table created
2022-09-25 21:54:39.535481	DEBUG	database	Db.add() inserted row in test_table
2022-09-25 21:54:39.537645	DEBUG	database	Db transaction committed
2022-09-25 21:54:39.538164	INFO	database	Db.add() 1 row(s) to database
2022-09-25 21:54:39.541240	DEBUG	database	Db class instantiated
2022-09-25 21:54:39.541884	DEBUG	database	Db test class instantiated
2022-09-25 21:54:39.561870	DEBUG	database	Db connected
2022-09-25 21:54:39.571032	DEBUG	database	Db transaction committed
2022-09-25 21:54:39.595876	DEBUG	database	Db transaction committed
2022-09-25 21:54:39.596345	INFO	database	Db table test_table created
2022-09-25 21:54:39.598907	DEBUG	database	Db.add() inserted row in test_table
2022-09-25 21:54:39.604123	DEBUG	database	Db transaction committed
2022-09-25 21:54:39.604558	INFO	database	Db.add() 1 row(s) to database
2022-09-25 21:55:32.508484	DEBUG	database	Db class instantiated
2022-09-25 21:55:32.508959	DEBUG	database	Db test class instantiated
2022-09-25 21:55:32.538369	DEBUG	database	Db connected
2022-09-25 21:55:32.540086	DEBUG	database	Db class instantiated
2022-09-25 21:55:32.541774	DEBUG	database	Db test class instantiated
2022-09-25 21:55:32.560609	DEBUG	database	Db connected
2022-09-25 21:55:32.570037	DEBUG	database	Db transaction committed
2022-09-25 21:55:32.571755	DEBUG	database	Db connection closed
2022-09-25 21:55:32.590992	DEBUG	database	Db connected
2022-09-25 21:55:32.594024	DEBUG	database	Db connection closed
2022-09-25 21:55:32.613519	DEBUG	database	Db connected
2022-09-25 21:55:32.645181	DEBUG	database	Db transaction committed
2022-09-25 21:55:32.652941	DEBUG	database	Db transaction committed
2022-09-25 21:55:32.653748	DEBUG	database	Db connection closed
2022-09-25 21:55:32.673289	DEBUG	database	Db connected
2022-09-25 21:55:32.706263	DEBUG	database	Db transaction committed
2022-09-25 21:55:32.706682	INFO	database	Db table test_table created
2022-09-25 21:55:32.712077	DEBUG	database	Db transaction committed
2022-09-25 21:55:32.723446	DEBUG	database	Db transaction committed
2022-09-25 21:55:32.750220	DEBUG	database	Db transaction committed
2022-09-25 21:55:32.750632	INFO	database	Db table test_table created
2022-09-25 21:55:32.753232	DEBUG	database	Db class instantiated
2022-09-25 21:55:32.754092	DEBUG	database	Db test class instantiated
2022-09-25 21:55:32.773545	DEBUG	database	Db connected
2022-09-25 21:55:32.774575	DEBUG	database	Db connection closed
2022-09-25 21:55:32.775552	DEBUG	database	Db class instantiated
2022-09-25 21:55:32.776179	DEBUG	database	Db test class instantiated
2022-09-25 21:55:32.795162	DEBUG	database	Db connected
2022-09-25 21:55:32.805363	DEBUG	database	Db transaction committed
2022-09-25 21:55:32.832559	DEBUG	database	Db transaction committed
2022-09-25 21:55:32.832990	INFO	database	Db table test_table created
2022-09-25 21:55:32.837770	DEBUG	database	Db transaction committed
2022-09-25 21:55:32.845208	DEBUG	database	Db transaction committed
2022-09-25 21:55:32.867278	DEBUG	database	Db transaction committed
2022-09-25 21:55:32.867849	INFO	database	Db table test_table created
2022-09-25 21:55:32.870957	DEBUG	database	Db.add() inserted row in test_table
2022-09-25 21:55:32.876319	DEBUG	database	Db transaction committed
2022-09-25 21:55:32.876908	INFO	database	Db.add() 1 row(s) to database
2022-09-25 21:55:32.879487	DEBUG	database	Db class instantiated
2022-09-25 21:55:32.880222	DEBUG	database	Db test class instantiated
2022-09-25 21:55:32.898972	DEBUG	database	Db connected
2022-09-25 21:55:32.907385	DEBUG	database	Db transaction committed
2022-09-25 21:55:32.932131	DEBUG	database	Db transaction committed
2022-09-25 21:55:32.932585	INFO	database	Db table test_table created
2022-09-25 21:55:32.935429	DEBUG	database	Db.add() inserted row in test_table
2022-09-25 21:55:32.937997	DEBUG	database	Db transaction committed
2022-09-25 21:55:32.938487	INFO	database	Db.add() 1 row(s) to database
2022-09-25 21:56:57.331182	DEBUG	database	Db class instantiated
2022-09-25 21:56:57.331650	DEBUG	database	Db test class instantiated
2022-09-25 21:56:57.360632	DEBUG	database	Db connected
2022-09-25 21:56:57.361971	DEBUG	database	Db class instantiated
2022-09-25 21:56:57.362434	DEBUG	database	Db test class instantiated
2022-09-25 21:56:57.381521	DEBUG	database	Db connected
2022-09-25 21:56:57.390574	DEBUG	database	Db transaction committed
2022-09-25 21:56:57.391271	DEBUG	database	Db connection closed
2022-09-25 21:56:57.409890	DEBUG	database	Db connected
2022-09-25 21:56:57.412175	DEBUG	database	Db connection closed
2022-09-25 21:56:57.430829	DEBUG	database	Db connected
2022-09-25 21:56:57.468418	DEBUG	database	Db transaction committed
2022-09-25 21:56:57.479031	DEBUG	database	Db transaction committed
2022-09-25 21:56:57.480060	DEBUG	database	Db connection closed
2022-09-25 21:56:57.502157	DEBUG	database	Db connected
2022-09-25 21:56:57.544722	DEBUG	database	Db transaction committed
2022-09-25 21:56:57.545445	INFO	database	Db table test_table created
2022-09-25 21:56:57.550597	DEBUG	database	Db transaction committed
2022-09-25 21:56:57.560974	DEBUG	database	Db transaction committed
2022-09-25 21:56:57.583387	DEBUG	database	Db transaction committed
2022-09-25 21:56:57.583807	INFO	database	Db table test_table created
2022-09-25 21:56:57.586386	DEBUG	database	Db class instantiated
2022-09-25 21:56:57.586917	DEBUG	database	Db test class instantiated
2022-09-25 21:56:57.605741	DEBUG	database	Db connected
2022-09-25 21:56:57.606707	DEBUG	database	Db connection closed
2022-09-25 21:56:57.607598	DEBUG	database	Db class instantiated
2022-09-25 21:56:57.608043	DEBUG	database	Db test class instantiated
2022-09-25 21:56:57.626290	DEBUG	database	Db connected
2022-09-25 21:56:57.635443	DEBUG	database	Db transaction committed
2022-09-25 21:56:57.664577	DEBUG	database	Db transaction committed
2022-09-25 21:56:57.665006	INFO	database	Db table test_table created
2022-09-25 21:56:57.669657	DEBUG	database	Db transaction committed
2022-09-25 21:56:57.677235	DEBUG	database	Db transaction committed
2022-09-25 21:56:57.702835	DEBUG	database	Db transaction committed
2022-09-25 21:56:57.703284	INFO	database	Db table test_table created
2022-09-25 21:56:57.706147	DEBUG	database	Db.add() inserted row in test_table
2022-09-25 21:56:57.708292	DEBUG	database	Db transaction committed
2022-09-25 21:56:57.708706	INFO	database	Db.add() 1 row(s) to database
2022-09-25 21:56:57.712996	DEBUG	database	Db class instantiated
2022-09-25 21:56:57.713475	DEBUG	database	Db test class instantiated
2022-09-25 21:56:57.731997	DEBUG	database	Db connected
2022-09-25 21:56:57.743938	DEBUG	database	Db transaction committed
2022-09-25 21:56:57.765496	DEBUG	database	Db transaction committed
2022-09-25 21:56:57.765923	INFO	database	Db table test_table created
2022-09-25 21:56:57.768247	ERROR	database	Db.add() failed to add data to table test_table
2022-09-25 21:56:57.769611	ERROR	database	Traceback (most recent call last):
2022-09-25 21:56:57.769611	ERROR	database	  File "/srv/grow/database/__init__.py", line 234, in add
2022-09-25 21:56:57.769611	ERROR	database	    cursor.execute(sql, values)
2022-09-25 21:56:57.769611	ERROR	database	psycopg2.errors.NotNullViolation: null value in column "id" of relation "test_table" violates not-null constraint
2022-09-25 21:56:57.769611	ERROR	database	DETAIL:  Failing row contains (null, test, 1, 1.5).
2022-09-25 21:56:57.769611	ERROR	database	
2022-09-25 21:56:57.769611	ERROR	database	
2022-09-25 21:56:57.770727	DEBUG	database	Db connection closed
2022-09-25 21:57:27.125061	DEBUG	database	Db class instantiated
2022-09-25 21:57:27.125531	DEBUG	database	Db test class instantiated
2022-09-25 21:57:27.154346	DEBUG	database	Db connected
2022-09-25 21:57:27.155689	DEBUG	database	Db class instantiated
2022-09-25 21:57:27.156165	DEBUG	database	Db test class instantiated
2022-09-25 21:57:27.175118	DEBUG	database	Db connected
2022-09-25 21:57:27.182655	DEBUG	database	Db transaction committed
2022-09-25 21:57:27.183504	DEBUG	database	Db connection closed
2022-09-25 21:57:27.202824	DEBUG	database	Db connected
2022-09-25 21:57:27.205012	DEBUG	database	Db connection closed
2022-09-25 21:57:27.225411	DEBUG	database	Db connected
2022-09-25 21:57:27.254405	DEBUG	database	Db transaction committed
2022-09-25 21:57:27.262249	DEBUG	database	Db transaction committed
2022-09-25 21:57:27.263174	DEBUG	database	Db connection closed
2022-09-25 21:57:27.283024	DEBUG	database	Db connected
2022-09-25 21:57:27.315221	DEBUG	database	Db transaction committed
2022-09-25 21:57:27.315727	INFO	database	Db table test_table created
2022-09-25 21:57:27.321515	DEBUG	database	Db transaction committed
2022-09-25 21:57:27.333116	DEBUG	database	Db transaction committed
2022-09-25 21:57:27.357962	DEBUG	database	Db transaction committed
2022-09-25 21:57:27.358380	INFO	database	Db table test_table created
2022-09-25 21:57:27.360856	DEBUG	database	Db class instantiated
2022-09-25 21:57:27.361573	DEBUG	database	Db test class instantiated
2022-09-25 21:57:27.380465	DEBUG	database	Db connected
2022-09-25 21:57:27.381583	DEBUG	database	Db connection closed
2022-09-25 21:57:27.382664	DEBUG	database	Db class instantiated
2022-09-25 21:57:27.383351	DEBUG	database	Db test class instantiated
2022-09-25 21:57:27.403051	DEBUG	database	Db connected
2022-09-25 21:57:27.411288	DEBUG	database	Db transaction committed
2022-09-25 21:57:27.438395	DEBUG	database	Db transaction committed
2022-09-25 21:57:27.438816	INFO	database	Db table test_table created
2022-09-25 21:57:27.444099	DEBUG	database	Db transaction committed
2022-09-25 21:57:27.454796	DEBUG	database	Db transaction committed
2022-09-25 21:57:27.477490	DEBUG	database	Db transaction committed
2022-09-25 21:57:27.477907	INFO	database	Db table test_table created
2022-09-25 21:57:27.480641	DEBUG	database	Db.add() inserted row in test_table
2022-09-25 21:57:27.483084	DEBUG	database	Db transaction committed
2022-09-25 21:57:27.483499	INFO	database	Db.add() 1 row(s) to database
2022-09-25 21:57:27.486457	DEBUG	database	Db class instantiated
2022-09-25 21:57:27.487069	DEBUG	database	Db test class instantiated
2022-09-25 21:57:27.505814	DEBUG	database	Db connected
2022-09-25 21:57:27.516304	DEBUG	database	Db transaction committed
2022-09-25 21:57:27.538810	DEBUG	database	Db transaction committed
2022-09-25 21:57:27.539245	INFO	database	Db table test_table created
2022-09-25 21:57:27.541867	DEBUG	database	Db.add() inserted row in test_table
2022-09-25 21:57:27.547656	DEBUG	database	Db transaction committed
2022-09-25 21:57:27.548086	INFO	database	Db.add() 1 row(s) to database
2022-09-25 21:58:08.631725	DEBUG	database	Db class instantiated
2022-09-25 21:58:08.632233	DEBUG	database	Db test class instantiated
2022-09-25 21:58:08.661961	DEBUG	database	Db connected
2022-09-25 21:58:08.663299	DEBUG	database	Db class instantiated
2022-09-25 21:58:08.663758	DEBUG	database	Db test class instantiated
2022-09-25 21:58:08.682388	DEBUG	database	Db connected
2022-09-25 21:58:08.689653	DEBUG	database	Db transaction committed
2022-09-25 21:58:08.690501	DEBUG	database	Db connection closed
2022-09-25 21:58:08.709624	DEBUG	database	Db connected
2022-09-25 21:58:08.711770	DEBUG	database	Db connection closed
2022-09-25 21:58:08.730424	DEBUG	database	Db connected
2022-09-25 21:58:08.756618	DEBUG	database	Db transaction committed
2022-09-25 21:58:08.767763	DEBUG	database	Db transaction committed
2022-09-25 21:58:08.769012	DEBUG	database	Db connection closed
2022-09-25 21:58:08.788329	DEBUG	database	Db connected
2022-09-25 21:58:08.819602	DEBUG	database	Db transaction committed
2022-09-25 21:58:08.820478	INFO	database	Db table test_table created
2022-09-25 21:58:08.825797	DEBUG	database	Db transaction committed
2022-09-25 21:58:08.837525	DEBUG	database	Db transaction committed
2022-09-25 21:58:08.862944	DEBUG	database	Db transaction committed
2022-09-25 21:58:08.863373	INFO	database	Db table test_table created
2022-09-25 21:58:08.865807	DEBUG	database	Db class instantiated
2022-09-25 21:58:08.866217	DEBUG	database	Db test class instantiated
2022-09-25 21:58:08.885486	DEBUG	database	Db connected
2022-09-25 21:58:08.886457	DEBUG	database	Db connection closed
2022-09-25 21:58:08.887279	DEBUG	database	Db class instantiated
2022-09-25 21:58:08.887718	DEBUG	database	Db test class instantiated
2022-09-25 21:58:08.906857	DEBUG	database	Db connected
2022-09-25 21:58:08.915725	DEBUG	database	Db transaction committed
2022-09-25 21:58:08.941852	DEBUG	database	Db transaction committed
2022-09-25 21:58:08.942277	INFO	database	Db table test_table created
2022-09-25 21:58:08.947125	DEBUG	database	Db transaction committed
2022-09-25 21:58:08.955319	DEBUG	database	Db transaction committed
2022-09-25 21:58:08.981952	DEBUG	database	Db transaction committed
2022-09-25 21:58:08.982370	INFO	database	Db table test_table created
2022-09-25 21:58:08.985386	DEBUG	database	Db.add() inserted row in test_table
2022-09-25 21:58:08.987483	DEBUG	database	Db transaction committed
2022-09-25 21:58:08.987887	INFO	database	Db.add() 1 row(s) to database
2022-09-25 21:58:08.990831	DEBUG	database	Db class instantiated
2022-09-25 21:58:08.991384	DEBUG	database	Db test class instantiated
2022-09-25 21:58:09.010482	DEBUG	database	Db connected
2022-09-25 21:58:09.020322	DEBUG	database	Db transaction committed
2022-09-25 21:58:09.045287	DEBUG	database	Db transaction committed
2022-09-25 21:58:09.046298	INFO	database	Db table test_table created
2022-09-25 21:58:09.048989	DEBUG	database	Db.add() inserted row in test_table
2022-09-25 21:58:09.055032	DEBUG	database	Db transaction committed
2022-09-25 21:58:09.056107	INFO	database	Db.add() 1 row(s) to database
2022-09-25 21:58:32.560517	DEBUG	database	Db class instantiated
2022-09-25 21:58:32.561097	DEBUG	database	Db test class instantiated
2022-09-25 21:58:32.583163	DEBUG	database	Db connected
2022-09-25 21:58:32.584771	DEBUG	database	Db class instantiated
2022-09-25 21:58:32.585540	DEBUG	database	Db test class instantiated
2022-09-25 21:58:32.604497	DEBUG	database	Db connected
2022-09-25 21:58:32.615908	DEBUG	database	Db transaction committed
2022-09-25 21:58:32.618764	DEBUG	database	Db connection closed
2022-09-25 21:58:32.643261	DEBUG	database	Db connected
2022-09-25 21:58:32.645654	DEBUG	database	Db connection closed
2022-09-25 21:58:32.664911	DEBUG	database	Db connected
2022-09-25 21:58:32.694734	DEBUG	database	Db transaction committed
2022-09-25 21:58:32.703221	DEBUG	database	Db transaction committed
2022-09-25 21:58:32.704053	DEBUG	database	Db connection closed
2022-09-25 21:58:32.722677	DEBUG	database	Db connected
2022-09-25 21:58:32.757763	DEBUG	database	Db transaction committed
2022-09-25 21:58:32.758181	INFO	database	Db table test_table created
2022-09-25 21:58:32.762656	DEBUG	database	Db transaction committed
2022-09-25 21:58:32.773558	DEBUG	database	Db transaction committed
2022-09-25 21:58:32.794984	DEBUG	database	Db transaction committed
2022-09-25 21:58:32.795574	INFO	database	Db table test_table created
2022-09-25 21:58:32.798215	DEBUG	database	Db class instantiated
2022-09-25 21:58:32.799053	DEBUG	database	Db test class instantiated
2022-09-25 21:58:32.818014	DEBUG	database	Db connected
2022-09-25 21:58:32.818832	DEBUG	database	Db connection closed
2022-09-25 21:58:32.819462	DEBUG	database	Db class instantiated
2022-09-25 21:58:32.819714	DEBUG	database	Db test class instantiated
2022-09-25 21:58:32.838338	DEBUG	database	Db connected
2022-09-25 21:58:32.847558	DEBUG	database	Db transaction committed
2022-09-25 21:58:32.877108	DEBUG	database	Db transaction committed
2022-09-25 21:58:32.877532	INFO	database	Db table test_table created
2022-09-25 21:58:32.882641	DEBUG	database	Db transaction committed
2022-09-25 21:58:32.890495	DEBUG	database	Db transaction committed
2022-09-25 21:58:32.915575	DEBUG	database	Db transaction committed
2022-09-25 21:58:32.916000	INFO	database	Db table test_table created
2022-09-25 21:58:32.918765	DEBUG	database	Db.add() inserted row in test_table
2022-09-25 21:58:32.920716	DEBUG	database	Db transaction committed
2022-09-25 21:58:32.921120	INFO	database	Db.add() 1 row(s) to database
2022-09-25 21:58:32.923942	DEBUG	database	Db class instantiated
2022-09-25 21:58:32.924872	DEBUG	database	Db test class instantiated
2022-09-25 21:58:32.944535	DEBUG	database	Db connected
2022-09-25 21:58:32.953816	DEBUG	database	Db transaction committed
2022-09-25 21:58:32.977150	DEBUG	database	Db transaction committed
2022-09-25 21:58:32.977576	INFO	database	Db table test_table created
2022-09-25 21:58:32.981092	DEBUG	database	Db.add() inserted row in test_table
2022-09-25 21:58:32.984105	DEBUG	database	Db transaction committed
2022-09-25 21:58:32.984590	INFO	database	Db.add() 1 row(s) to database
2022-09-25 21:59:08.077383	DEBUG	database	Db class instantiated
2022-09-25 21:59:08.078202	DEBUG	database	Db test class instantiated
2022-09-25 21:59:08.112344	DEBUG	database	Db connected
2022-09-25 21:59:08.113851	DEBUG	database	Db class instantiated
2022-09-25 21:59:08.114371	DEBUG	database	Db test class instantiated
2022-09-25 21:59:08.132710	DEBUG	database	Db connected
2022-09-25 21:59:08.143395	DEBUG	database	Db transaction committed
2022-09-25 21:59:08.146726	DEBUG	database	Db connection closed
2022-09-25 21:59:08.167140	DEBUG	database	Db connected
2022-09-25 21:59:08.169587	DEBUG	database	Db connection closed
2022-09-25 21:59:08.188985	DEBUG	database	Db connected
2022-09-25 21:59:08.220801	DEBUG	database	Db transaction committed
2022-09-25 21:59:08.229306	DEBUG	database	Db transaction committed
2022-09-25 21:59:08.230123	DEBUG	database	Db connection closed
2022-09-25 21:59:08.249326	DEBUG	database	Db connected
2022-09-25 21:59:08.280383	DEBUG	database	Db transaction committed
2022-09-25 21:59:08.280814	INFO	database	Db table test_table created
2022-09-25 21:59:08.289129	DEBUG	database	Db transaction committed
2022-09-25 21:59:08.299856	DEBUG	database	Db transaction committed
2022-09-25 21:59:08.323200	DEBUG	database	Db transaction committed
2022-09-25 21:59:08.323620	INFO	database	Db table test_table created
2022-09-25 21:59:08.326299	DEBUG	database	Db class instantiated
2022-09-25 21:59:08.326867	DEBUG	database	Db test class instantiated
2022-09-25 21:59:08.346076	DEBUG	database	Db connected
2022-09-25 21:59:08.346827	DEBUG	database	Db connection closed
2022-09-25 21:59:08.347518	DEBUG	database	Db class instantiated
2022-09-25 21:59:08.347985	DEBUG	database	Db test class instantiated
2022-09-25 21:59:08.367031	DEBUG	database	Db connected
2022-09-25 21:59:08.375843	DEBUG	database	Db transaction committed
2022-09-25 21:59:08.404712	DEBUG	database	Db transaction committed
2022-09-25 21:59:08.405141	INFO	database	Db table test_table created
2022-09-25 21:59:08.409665	DEBUG	database	Db transaction committed
2022-09-25 21:59:08.417090	DEBUG	database	Db transaction committed
2022-09-25 21:59:08.439629	DEBUG	database	Db transaction committed
2022-09-25 21:59:08.440047	INFO	database	Db table test_table created
2022-09-25 21:59:08.442883	DEBUG	database	Db.add() inserted row in test_table
2022-09-25 21:59:08.448705	DEBUG	database	Db transaction committed
2022-09-25 21:59:08.449307	INFO	database	Db.add() 1 row(s) to database
2022-09-25 21:59:08.451981	DEBUG	database	Db class instantiated
2022-09-25 21:59:08.452674	DEBUG	database	Db test class instantiated
2022-09-25 21:59:08.471886	DEBUG	database	Db connected
2022-09-25 21:59:08.480952	DEBUG	database	Db transaction committed
2022-09-25 21:59:08.505870	DEBUG	database	Db transaction committed
2022-09-25 21:59:08.506285	INFO	database	Db table test_table created
2022-09-25 21:59:08.508698	DEBUG	database	Db.add() inserted row in test_table
2022-09-25 21:59:08.511093	DEBUG	database	Db transaction committed
2022-09-25 21:59:08.511504	INFO	database	Db.add() 1 row(s) to database
2022-09-25 21:59:36.432247	DEBUG	database	Db class instantiated
2022-09-25 21:59:36.432739	DEBUG	database	Db test class instantiated
2022-09-25 21:59:36.454414	DEBUG	database	Db connected
2022-09-25 21:59:36.455763	DEBUG	database	Db class instantiated
2022-09-25 21:59:36.456318	DEBUG	database	Db test class instantiated
2022-09-25 21:59:36.474935	DEBUG	database	Db connected
2022-09-25 21:59:36.484910	DEBUG	database	Db transaction committed
2022-09-25 21:59:36.485693	DEBUG	database	Db connection closed
2022-09-25 21:59:36.503956	DEBUG	database	Db connected
2022-09-25 21:59:36.507135	DEBUG	database	Db connection closed
2022-09-25 21:59:36.526049	DEBUG	database	Db connected
2022-09-25 21:59:36.554828	DEBUG	database	Db transaction committed
2022-09-25 21:59:36.563033	DEBUG	database	Db transaction committed
2022-09-25 21:59:36.563810	DEBUG	database	Db connection closed
2022-09-25 21:59:36.582449	DEBUG	database	Db connected
2022-09-25 21:59:36.614807	DEBUG	database	Db transaction committed
2022-09-25 21:59:36.615260	INFO	database	Db table test_table created
2022-09-25 21:59:36.621611	DEBUG	database	Db transaction committed
2022-09-25 21:59:36.632763	DEBUG	database	Db transaction committed
2022-09-25 21:59:36.654410	DEBUG	database	Db transaction committed
2022-09-25 21:59:36.654839	INFO	database	Db table test_table created
2022-09-25 21:59:36.657267	DEBUG	database	Db class instantiated
2022-09-25 21:59:36.658186	DEBUG	database	Db test class instantiated
2022-09-25 21:59:36.677631	DEBUG	database	Db connected
2022-09-25 21:59:36.678752	DEBUG	database	Db connection closed
2022-09-25 21:59:36.679849	DEBUG	database	Db class instantiated
2022-09-25 21:59:36.680562	DEBUG	database	Db test class instantiated
2022-09-25 21:59:36.698975	DEBUG	database	Db connected
2022-09-25 21:59:36.708023	DEBUG	database	Db transaction committed
2022-09-25 21:59:36.736923	DEBUG	database	Db transaction committed
2022-09-25 21:59:36.737524	INFO	database	Db table test_table created
2022-09-25 21:59:36.742028	DEBUG	database	Db transaction committed
2022-09-25 21:59:36.749632	DEBUG	database	Db transaction committed
2022-09-25 21:59:36.772464	DEBUG	database	Db transaction committed
2022-09-25 21:59:36.773047	INFO	database	Db table test_table created
2022-09-25 21:59:36.776467	DEBUG	database	Db.add() inserted row in test_table
2022-09-25 21:59:36.782077	DEBUG	database	Db transaction committed
2022-09-25 21:59:36.782630	INFO	database	Db.add() 1 row(s) to database
2022-09-25 21:59:36.785176	DEBUG	database	Db class instantiated
2022-09-25 21:59:36.785813	DEBUG	database	Db test class instantiated
2022-09-25 21:59:36.805876	DEBUG	database	Db connected
2022-09-25 21:59:36.814495	DEBUG	database	Db transaction committed
2022-09-25 21:59:36.839763	DEBUG	database	Db transaction committed
2022-09-25 21:59:36.840181	INFO	database	Db table test_table created
2022-09-25 21:59:36.842603	DEBUG	database	Db.add() inserted row in test_table
2022-09-25 21:59:36.845645	DEBUG	database	Db transaction committed
2022-09-25 21:59:36.846065	INFO	database	Db.add() 1 row(s) to database
2022-09-25 21:59:36.847835	DEBUG	database	Db.add() inserted row in test_table
2022-09-25 21:59:36.850839	DEBUG	database	Db transaction committed
2022-09-25 21:59:36.851252	INFO	database	Db.add() 1 row(s) to database
2022-09-25 22:00:03.050462	DEBUG	database	Db class instantiated
2022-09-25 22:00:03.050945	DEBUG	database	Db test class instantiated
2022-09-25 22:00:03.079859	DEBUG	database	Db connected
2022-09-25 22:00:03.081249	DEBUG	database	Db class instantiated
2022-09-25 22:00:03.081666	DEBUG	database	Db test class instantiated
2022-09-25 22:00:03.100375	DEBUG	database	Db connected
2022-09-25 22:00:03.115314	DEBUG	database	Db transaction committed
2022-09-25 22:00:03.116590	DEBUG	database	Db connection closed
2022-09-25 22:00:03.149460	DEBUG	database	Db connected
2022-09-25 22:00:03.152993	DEBUG	database	Db connection closed
2022-09-25 22:00:03.185683	DEBUG	database	Db connected
2022-09-25 22:00:03.224278	DEBUG	database	Db transaction committed
2022-09-25 22:00:03.237116	DEBUG	database	Db transaction committed
2022-09-25 22:00:03.237811	DEBUG	database	Db connection closed
2022-09-25 22:00:03.256666	DEBUG	database	Db connected
2022-09-25 22:00:03.293462	DEBUG	database	Db transaction committed
2022-09-25 22:00:03.293893	INFO	database	Db table test_table created
2022-09-25 22:00:03.298372	DEBUG	database	Db transaction committed
2022-09-25 22:00:03.309098	DEBUG	database	Db transaction committed
2022-09-25 22:00:03.331027	DEBUG	database	Db transaction committed
2022-09-25 22:00:03.331462	INFO	database	Db table test_table created
2022-09-25 22:00:03.334467	DEBUG	database	Db class instantiated
2022-09-25 22:00:03.335026	DEBUG	database	Db test class instantiated
2022-09-25 22:00:03.353964	DEBUG	database	Db connected
2022-09-25 22:00:03.354848	DEBUG	database	Db connection closed
2022-09-25 22:00:03.355604	DEBUG	database	Db class instantiated
2022-09-25 22:00:03.356272	DEBUG	database	Db test class instantiated
2022-09-25 22:00:03.375369	DEBUG	database	Db connected
2022-09-25 22:00:03.386859	DEBUG	database	Db transaction committed
2022-09-25 22:00:03.412987	DEBUG	database	Db transaction committed
2022-09-25 22:00:03.413654	INFO	database	Db table test_table created
2022-09-25 22:00:03.418797	DEBUG	database	Db transaction committed
2022-09-25 22:00:03.427050	DEBUG	database	Db transaction committed
2022-09-25 22:00:03.454344	DEBUG	database	Db transaction committed
2022-09-25 22:00:03.454859	INFO	database	Db table test_table created
2022-09-25 22:00:03.457914	DEBUG	database	Db.add() inserted row in test_table
2022-09-25 22:00:03.460661	DEBUG	database	Db transaction committed
2022-09-25 22:00:03.461238	INFO	database	Db.add() 1 row(s) to database
2022-09-25 22:00:03.464529	DEBUG	database	Db class instantiated
2022-09-25 22:00:03.465291	DEBUG	database	Db test class instantiated
2022-09-25 22:00:03.484066	DEBUG	database	Db connected
2022-09-25 22:00:03.494162	DEBUG	database	Db transaction committed
2022-09-25 22:00:03.517342	DEBUG	database	Db transaction committed
2022-09-25 22:00:03.517935	INFO	database	Db table test_table created
2022-09-25 22:00:03.521110	DEBUG	database	Db.add() inserted row in test_table
2022-09-25 22:00:03.524262	DEBUG	database	Db transaction committed
2022-09-25 22:00:03.524715	INFO	database	Db.add() 1 row(s) to database
2022-09-25 22:00:03.526436	DEBUG	database	Db.add() inserted row in test_table
2022-09-25 22:00:03.531827	DEBUG	database	Db transaction committed
2022-09-25 22:00:03.532278	INFO	database	Db.add() 1 row(s) to database
2022-09-25 22:00:17.285806	DEBUG	database	Db class instantiated
2022-09-25 22:00:17.286284	DEBUG	database	Db test class instantiated
2022-09-25 22:00:17.308388	DEBUG	database	Db connected
2022-09-25 22:00:17.309765	DEBUG	database	Db class instantiated
2022-09-25 22:00:17.310225	DEBUG	database	Db test class instantiated
2022-09-25 22:00:17.329205	DEBUG	database	Db connected
2022-09-25 22:00:17.341053	DEBUG	database	Db transaction committed
2022-09-25 22:00:17.342131	DEBUG	database	Db connection closed
2022-09-25 22:00:17.360911	DEBUG	database	Db connected
2022-09-25 22:00:17.363445	DEBUG	database	Db connection closed
2022-09-25 22:00:17.382113	DEBUG	database	Db connected
2022-09-25 22:00:17.408833	DEBUG	database	Db transaction committed
2022-09-25 22:00:17.421459	DEBUG	database	Db transaction committed
2022-09-25 22:00:17.423086	DEBUG	database	Db connection closed
2022-09-25 22:00:17.442625	DEBUG	database	Db connected
2022-09-25 22:00:17.474728	DEBUG	database	Db transaction committed
2022-09-25 22:00:17.475151	INFO	database	Db table test_table created
2022-09-25 22:00:17.480033	DEBUG	database	Db transaction committed
2022-09-25 22:00:17.490889	DEBUG	database	Db transaction committed
2022-09-25 22:00:17.516644	DEBUG	database	Db transaction committed
2022-09-25 22:00:17.517062	INFO	database	Db table test_table created
2022-09-25 22:00:17.519447	DEBUG	database	Db class instantiated
2022-09-25 22:00:17.519969	DEBUG	database	Db test class instantiated
2022-09-25 22:00:17.539086	DEBUG	database	Db connected
2022-09-25 22:00:17.540079	DEBUG	database	Db connection closed
2022-09-25 22:00:17.541025	DEBUG	database	Db class instantiated
2022-09-25 22:00:17.541600	DEBUG	database	Db test class instantiated
2022-09-25 22:00:17.560759	DEBUG	database	Db connected
2022-09-25 22:00:17.569367	DEBUG	database	Db transaction committed
2022-09-25 22:00:17.594953	DEBUG	database	Db transaction committed
2022-09-25 22:00:17.595378	INFO	database	Db table test_table created
2022-09-25 22:00:17.600503	DEBUG	database	Db transaction committed
2022-09-25 22:00:17.611242	DEBUG	database	Db transaction committed
2022-09-25 22:00:17.633366	DEBUG	database	Db transaction committed
2022-09-25 22:00:17.633784	INFO	database	Db table test_table created
2022-09-25 22:00:17.636912	DEBUG	database	Db.add() inserted row in test_table
2022-09-25 22:00:17.639451	DEBUG	database	Db transaction committed
2022-09-25 22:00:17.639895	INFO	database	Db.add() 1 row(s) to database
2022-09-25 22:00:17.642427	DEBUG	database	Db class instantiated
2022-09-25 22:00:17.643116	DEBUG	database	Db test class instantiated
2022-09-25 22:00:17.663088	DEBUG	database	Db connected
2022-09-25 22:00:17.672450	DEBUG	database	Db transaction committed
2022-09-25 22:00:17.699553	DEBUG	database	Db transaction committed
2022-09-25 22:00:17.699976	INFO	database	Db table test_table created
2022-09-25 22:00:17.702250	DEBUG	database	Db.add() inserted row in test_table
2022-09-25 22:00:17.704386	DEBUG	database	Db transaction committed
2022-09-25 22:00:17.704802	INFO	database	Db.add() 1 row(s) to database
2022-09-25 22:00:17.706485	DEBUG	database	Db.add() inserted row in test_table
2022-09-25 22:00:17.708701	DEBUG	database	Db transaction committed
2022-09-25 22:00:17.709167	INFO	database	Db.add() 1 row(s) to database
2022-09-25 22:00:17.710901	DEBUG	database	Db.add() inserted row in test_table
2022-09-25 22:00:17.713227	DEBUG	database	Db transaction committed
2022-09-25 22:00:17.713950	INFO	database	Db.add() 1 row(s) to database
2022-09-25 22:00:17.715592	DEBUG	database	Db.add() inserted row in test_table
2022-09-25 22:00:17.718290	DEBUG	database	Db transaction committed
2022-09-25 22:00:17.718717	INFO	database	Db.add() 1 row(s) to database
2022-09-25 22:00:17.720794	ERROR	database	Db.add() failed to add data to table test_table
2022-09-25 22:00:17.721916	ERROR	database	Traceback (most recent call last):
2022-09-25 22:00:17.721916	ERROR	database	  File "/srv/grow/database/__init__.py", line 234, in add
2022-09-25 22:00:17.721916	ERROR	database	    cursor.execute(sql, values)
2022-09-25 22:00:17.721916	ERROR	database	psycopg2.errors.UniqueViolation: duplicate key value violates unique constraint "test_table_pkey"
2022-09-25 22:00:17.721916	ERROR	database	DETAIL:  Key (id)=(4) already exists.
2022-09-25 22:00:17.721916	ERROR	database	
2022-09-25 22:00:17.721916	ERROR	database	
2022-09-25 22:00:17.722982	DEBUG	database	Db connection closed
2022-09-25 22:22:11.321684	DEBUG	database	Db class instantiated
2022-09-25 22:22:11.322167	DEBUG	database	Db test class instantiated
2022-09-25 22:22:11.344446	DEBUG	database	Db connected
2022-09-25 22:22:11.345854	DEBUG	database	Db class instantiated
2022-09-25 22:22:11.346365	DEBUG	database	Db test class instantiated
2022-09-25 22:22:11.365064	DEBUG	database	Db connected
2022-09-25 22:22:11.375135	DEBUG	database	Db transaction committed
2022-09-25 22:22:11.375963	DEBUG	database	Db connection closed
2022-09-25 22:22:11.394825	DEBUG	database	Db connected
2022-09-25 22:22:11.397087	DEBUG	database	Db connection closed
2022-09-25 22:22:11.415776	DEBUG	database	Db connected
2022-09-25 22:22:11.451443	DEBUG	database	Db transaction committed
2022-09-25 22:22:11.459997	DEBUG	database	Db transaction committed
2022-09-25 22:22:11.461446	DEBUG	database	Db connection closed
2022-09-25 22:22:11.481429	DEBUG	database	Db connected
2022-09-25 22:22:11.515385	DEBUG	database	Db transaction committed
2022-09-25 22:22:11.515804	INFO	database	Db table test_table created
2022-09-25 22:22:11.520229	DEBUG	database	Db transaction committed
2022-09-25 22:22:11.530550	DEBUG	database	Db transaction committed
2022-09-25 22:22:11.552731	DEBUG	database	Db transaction committed
2022-09-25 22:22:11.553139	INFO	database	Db table test_table created
2022-09-25 22:22:11.555565	DEBUG	database	Db class instantiated
2022-09-25 22:22:11.556168	DEBUG	database	Db test class instantiated
2022-09-25 22:22:11.575303	DEBUG	database	Db connected
2022-09-25 22:22:11.576055	DEBUG	database	Db connection closed
2022-09-25 22:22:11.576922	DEBUG	database	Db class instantiated
2022-09-25 22:22:11.577546	DEBUG	database	Db test class instantiated
2022-09-25 22:22:11.596699	DEBUG	database	Db connected
2022-09-25 22:22:11.609447	DEBUG	database	Db transaction committed
2022-09-25 22:22:11.638306	DEBUG	database	Db transaction committed
2022-09-25 22:22:11.638774	INFO	database	Db table test_table created
2022-09-25 22:22:11.643835	DEBUG	database	Db transaction committed
2022-09-25 22:22:11.652523	DEBUG	database	Db transaction committed
2022-09-25 22:22:11.678041	DEBUG	database	Db transaction committed
2022-09-25 22:22:11.678474	INFO	database	Db table test_table created
2022-09-25 22:22:11.681236	DEBUG	database	Db.add() inserted row in test_table
2022-09-25 22:22:11.683512	DEBUG	database	Db transaction committed
2022-09-25 22:22:11.684023	INFO	database	Db.add() 1 row(s) to database
2022-09-25 22:22:11.687280	DEBUG	database	Db class instantiated
2022-09-25 22:22:11.687687	DEBUG	database	Db test class instantiated
2022-09-25 22:22:11.706766	DEBUG	database	Db connected
2022-09-25 22:22:11.715593	DEBUG	database	Db transaction committed
2022-09-25 22:22:11.739170	DEBUG	database	Db transaction committed
2022-09-25 22:22:11.739588	INFO	database	Db table test_table created
2022-09-25 22:22:11.742471	DEBUG	database	Db.add() inserted row in test_table
2022-09-25 22:22:11.747579	DEBUG	database	Db transaction committed
2022-09-25 22:22:11.747993	INFO	database	Db.add() 1 row(s) to database
2022-09-25 22:23:04.631794	DEBUG	database	Db class instantiated
2022-09-25 22:23:04.632440	DEBUG	database	Db test class instantiated
2022-09-25 22:23:04.662280	DEBUG	database	Db connected
2022-09-25 22:23:04.663829	DEBUG	database	Db class instantiated
2022-09-25 22:23:04.664815	DEBUG	database	Db test class instantiated
2022-09-25 22:23:04.683401	DEBUG	database	Db connected
2022-09-25 22:23:04.693453	DEBUG	database	Db transaction committed
2022-09-25 22:23:04.694239	DEBUG	database	Db connection closed
2022-09-25 22:23:04.713276	DEBUG	database	Db connected
2022-09-25 22:23:04.715739	DEBUG	database	Db connection closed
2022-09-25 22:23:04.746562	DEBUG	database	Db connected
2022-09-25 22:23:04.787423	DEBUG	database	Db transaction committed
2022-09-25 22:23:04.798305	DEBUG	database	Db transaction committed
2022-09-25 22:23:04.799413	DEBUG	database	Db connection closed
2022-09-25 22:23:04.822252	DEBUG	database	Db connected
2022-09-25 22:23:04.866434	DEBUG	database	Db transaction committed
2022-09-25 22:23:04.866907	INFO	database	Db table test_table created
2022-09-25 22:23:04.871660	DEBUG	database	Db transaction committed
2022-09-25 22:23:04.884416	DEBUG	database	Db transaction committed
2022-09-25 22:23:04.911974	DEBUG	database	Db transaction committed
2022-09-25 22:23:04.912429	INFO	database	Db table test_table created
2022-09-25 22:23:04.915018	DEBUG	database	Db class instantiated
2022-09-25 22:23:04.915531	DEBUG	database	Db test class instantiated
2022-09-25 22:23:04.935254	DEBUG	database	Db connected
2022-09-25 22:23:04.936030	DEBUG	database	Db connection closed
2022-09-25 22:23:04.936762	DEBUG	database	Db class instantiated
2022-09-25 22:23:04.937107	DEBUG	database	Db test class instantiated
2022-09-25 22:23:04.958227	DEBUG	database	Db connected
2022-09-25 22:23:04.970258	DEBUG	database	Db transaction committed
2022-09-25 22:23:04.994323	DEBUG	database	Db transaction committed
2022-09-25 22:23:04.994748	INFO	database	Db table test_table created
2022-09-25 22:23:04.999341	DEBUG	database	Db transaction committed
2022-09-25 22:23:05.006876	DEBUG	database	Db transaction committed
2022-09-25 22:23:05.032995	DEBUG	database	Db transaction committed
2022-09-25 22:23:05.033577	INFO	database	Db table test_table created
2022-09-25 22:23:05.036402	DEBUG	database	Db.add() inserted row in test_table
2022-09-25 22:23:05.038973	DEBUG	database	Db transaction committed
2022-09-25 22:23:05.039582	INFO	database	Db.add() 1 row(s) to database
2022-09-25 22:23:05.042087	DEBUG	database	Db class instantiated
2022-09-25 22:23:05.042843	DEBUG	database	Db test class instantiated
2022-09-25 22:23:05.061622	DEBUG	database	Db connected
2022-09-25 22:23:05.070920	DEBUG	database	Db transaction committed
2022-09-25 22:23:05.094045	DEBUG	database	Db transaction committed
2022-09-25 22:23:05.094476	INFO	database	Db table test_table created
2022-09-25 22:23:05.096984	DEBUG	database	Db.add() inserted row in test_table
2022-09-25 22:23:05.100309	DEBUG	database	Db transaction committed
2022-09-25 22:23:05.100716	INFO	database	Db.add() 1 row(s) to database
2022-09-25 22:24:02.915501	DEBUG	database	Db class instantiated
2022-09-25 22:24:02.916135	DEBUG	database	Db test class instantiated
2022-09-25 22:24:02.945670	DEBUG	database	Db connected
2022-09-25 22:24:02.947108	DEBUG	database	Db class instantiated
2022-09-25 22:24:02.947661	DEBUG	database	Db test class instantiated
2022-09-25 22:24:02.966592	DEBUG	database	Db connected
2022-09-25 22:24:02.974874	DEBUG	database	Db transaction committed
2022-09-25 22:24:02.975689	DEBUG	database	Db connection closed
2022-09-25 22:24:02.995491	DEBUG	database	Db connected
2022-09-25 22:24:02.997697	DEBUG	database	Db connection closed
2022-09-25 22:24:03.017173	DEBUG	database	Db connected
2022-09-25 22:24:03.045394	DEBUG	database	Db transaction committed
2022-09-25 22:24:03.054073	DEBUG	database	Db transaction committed
2022-09-25 22:24:03.054894	DEBUG	database	Db connection closed
2022-09-25 22:24:03.073898	DEBUG	database	Db connected
2022-09-25 22:24:03.107798	DEBUG	database	Db transaction committed
2022-09-25 22:24:03.108257	INFO	database	Db table test_table created
2022-09-25 22:24:03.113879	DEBUG	database	Db transaction committed
2022-09-25 22:24:03.124948	DEBUG	database	Db transaction committed
2022-09-25 22:24:03.149171	DEBUG	database	Db transaction committed
2022-09-25 22:24:03.149561	INFO	database	Db table test_table created
2022-09-25 22:24:03.152084	DEBUG	database	Db class instantiated
2022-09-25 22:24:03.152570	DEBUG	database	Db test class instantiated
2022-09-25 22:24:03.171542	DEBUG	database	Db connected
2022-09-25 22:24:03.172379	DEBUG	database	Db connection closed
2022-09-25 22:24:03.173239	DEBUG	database	Db class instantiated
2022-09-25 22:24:03.173682	DEBUG	database	Db test class instantiated
2022-09-25 22:24:03.192017	DEBUG	database	Db connected
2022-09-25 22:24:03.200917	DEBUG	database	Db transaction committed
2022-09-25 22:24:03.227400	DEBUG	database	Db transaction committed
2022-09-25 22:24:03.227964	INFO	database	Db table test_table created
2022-09-25 22:24:03.233040	DEBUG	database	Db transaction committed
2022-09-25 22:24:03.241764	DEBUG	database	Db transaction committed
2022-09-25 22:24:03.267901	DEBUG	database	Db transaction committed
2022-09-25 22:24:03.268363	INFO	database	Db table test_table created
2022-09-25 22:24:03.271279	DEBUG	database	Db.add() inserted row in test_table
2022-09-25 22:24:03.273404	DEBUG	database	Db transaction committed
2022-09-25 22:24:03.273817	INFO	database	Db.add() 1 row(s) to database
2022-09-25 22:24:03.276717	DEBUG	database	Db class instantiated
2022-09-25 22:24:03.277271	DEBUG	database	Db test class instantiated
2022-09-25 22:24:03.296916	DEBUG	database	Db connected
2022-09-25 22:24:03.306355	DEBUG	database	Db transaction committed
2022-09-25 22:24:03.328509	DEBUG	database	Db transaction committed
2022-09-25 22:24:03.328939	INFO	database	Db table test_table created
2022-09-25 22:24:03.332185	DEBUG	database	Db.add() inserted row in test_table
2022-09-25 22:24:03.335197	DEBUG	database	Db transaction committed
2022-09-25 22:24:03.335631	INFO	database	Db.add() 1 row(s) to database
2022-09-25 22:26:59.753188	DEBUG	database	Db class instantiated
2022-09-25 22:26:59.753828	DEBUG	database	Db test class instantiated
2022-09-25 22:26:59.775923	DEBUG	database	Db connected
2022-09-25 22:26:59.777446	DEBUG	database	Db class instantiated
2022-09-25 22:26:59.778127	DEBUG	database	Db test class instantiated
2022-09-25 22:26:59.796792	DEBUG	database	Db connected
2022-09-25 22:26:59.806495	DEBUG	database	Db transaction committed
2022-09-25 22:26:59.807367	DEBUG	database	Db connection closed
2022-09-25 22:26:59.826250	DEBUG	database	Db connected
2022-09-25 22:26:59.828402	DEBUG	database	Db connection closed
2022-09-25 22:26:59.847423	DEBUG	database	Db connected
2022-09-25 22:26:59.875814	DEBUG	database	Db transaction committed
2022-09-25 22:26:59.884739	DEBUG	database	Db transaction committed
2022-09-25 22:26:59.886192	DEBUG	database	Db connection closed
2022-09-25 22:26:59.905422	DEBUG	database	Db connected
2022-09-25 22:26:59.939637	DEBUG	database	Db transaction committed
2022-09-25 22:26:59.940053	INFO	database	Db table test_table created
2022-09-25 22:26:59.945330	DEBUG	database	Db transaction committed
2022-09-25 22:26:59.956063	DEBUG	database	Db transaction committed
2022-09-25 22:26:59.977680	DEBUG	database	Db transaction committed
2022-09-25 22:26:59.978107	INFO	database	Db table test_table created
2022-09-25 22:26:59.980863	DEBUG	database	Db class instantiated
2022-09-25 22:26:59.981360	DEBUG	database	Db test class instantiated
2022-09-25 22:27:00.000167	DEBUG	database	Db connected
2022-09-25 22:27:00.001683	DEBUG	database	Db connection closed
2022-09-25 22:27:00.004170	DEBUG	database	Db class instantiated
2022-09-25 22:27:00.005721	DEBUG	database	Db test class instantiated
2022-09-25 22:27:00.024402	DEBUG	database	Db connected
2022-09-25 22:27:00.036342	DEBUG	database	Db transaction committed
2022-09-25 22:27:00.061443	DEBUG	database	Db transaction committed
2022-09-25 22:27:00.061879	INFO	database	Db table test_table created
2022-09-25 22:27:00.067461	DEBUG	database	Db transaction committed
2022-09-25 22:27:00.075474	DEBUG	database	Db transaction committed
2022-09-25 22:27:00.101384	DEBUG	database	Db transaction committed
2022-09-25 22:27:00.101804	INFO	database	Db table test_table created
2022-09-25 22:27:00.104558	DEBUG	database	Db.add() inserted row in test_table
2022-09-25 22:27:00.107184	DEBUG	database	Db transaction committed
2022-09-25 22:27:00.107680	INFO	database	Db.add() 1 row(s) to database
2022-09-25 22:27:00.110478	DEBUG	database	Db class instantiated
2022-09-25 22:27:00.111327	DEBUG	database	Db test class instantiated
2022-09-25 22:27:00.130492	DEBUG	database	Db connected
2022-09-25 22:27:00.139550	DEBUG	database	Db transaction committed
2022-09-25 22:27:00.161643	DEBUG	database	Db transaction committed
2022-09-25 22:27:00.162065	INFO	database	Db table test_table created
2022-09-25 22:27:00.164636	DEBUG	database	Db.add() inserted row in test_table
2022-09-25 22:27:00.170382	DEBUG	database	Db transaction committed
2022-09-25 22:27:00.170809	INFO	database	Db.add() 1 row(s) to database
2022-09-25 22:34:26.123370	DEBUG	database	Class instantiated
2022-09-25 22:34:26.123849	DEBUG	database	Test class instantiated
2022-09-25 22:34:26.148005	DEBUG	database	Connected
2022-09-25 22:34:26.149758	DEBUG	database	Class instantiated
2022-09-25 22:34:26.150534	DEBUG	database	Test class instantiated
2022-09-25 22:34:26.169648	DEBUG	database	Connected
2022-09-25 22:34:26.179110	DEBUG	database	Transaction committed
2022-09-25 22:34:26.180831	DEBUG	database	Connection closed
2022-09-25 22:34:26.200944	DEBUG	database	Connected
2022-09-25 22:34:26.205466	DEBUG	database	Connection closed
2022-09-25 22:34:26.225757	DEBUG	database	Connected
2022-09-25 22:34:26.258835	DEBUG	database	Transaction committed
2022-09-25 22:34:26.268652	DEBUG	database	Transaction committed
2022-09-25 22:34:26.269711	DEBUG	database	Connection closed
2022-09-25 22:34:26.291360	DEBUG	database	Connected
2022-09-25 22:34:26.326246	DEBUG	database	Transaction committed
2022-09-25 22:34:26.326685	INFO	database	Table test_table created
2022-09-25 22:34:26.331753	DEBUG	database	Transaction committed
2022-09-25 22:34:26.343234	DEBUG	database	Transaction committed
2022-09-25 22:34:26.368576	DEBUG	database	Transaction committed
2022-09-25 22:34:26.369009	INFO	database	Table test_table created
2022-09-25 22:34:26.371660	DEBUG	database	Class instantiated
2022-09-25 22:34:26.372275	DEBUG	database	Test class instantiated
2022-09-25 22:34:26.391521	DEBUG	database	Connected
2022-09-25 22:34:26.392415	DEBUG	database	Connection closed
2022-09-25 22:34:26.393343	DEBUG	database	Class instantiated
2022-09-25 22:34:26.393941	DEBUG	database	Test class instantiated
2022-09-25 22:34:26.413365	DEBUG	database	Connected
2022-09-25 22:34:26.422117	DEBUG	database	Transaction committed
2022-09-25 22:34:26.449871	DEBUG	database	Transaction committed
2022-09-25 22:34:26.450291	INFO	database	Table test_table created
2022-09-25 22:34:26.459135	DEBUG	database	Transaction committed
2022-09-25 22:34:26.467050	DEBUG	database	Transaction committed
2022-09-25 22:34:26.490578	DEBUG	database	Transaction committed
2022-09-25 22:34:26.491010	INFO	database	Table test_table created
2022-09-25 22:34:26.493916	DEBUG	database	Db.add() inserted row in test_table
2022-09-25 22:34:26.497085	DEBUG	database	Transaction committed
2022-09-25 22:34:26.497581	INFO	database	Db.add() 1 row(s) to database
2022-09-25 22:34:26.500300	DEBUG	database	Class instantiated
2022-09-25 22:34:26.500838	DEBUG	database	Test class instantiated
2022-09-25 22:34:26.519911	DEBUG	database	Connected
2022-09-25 22:34:26.529782	DEBUG	database	Transaction committed
2022-09-25 22:34:26.557036	DEBUG	database	Transaction committed
2022-09-25 22:34:26.557480	INFO	database	Table test_table created
2022-09-25 22:34:26.598279	DEBUG	database	Transaction committed
2022-09-25 22:34:26.618908	DEBUG	database	Transaction committed
2022-09-25 22:34:26.619287	INFO	database	Table test_table created
2022-09-25 22:34:26.621444	DEBUG	database	Db.add() inserted row in test_table
2022-09-25 22:34:26.627342	DEBUG	database	Transaction committed
2022-09-25 22:34:26.627775	INFO	database	Db.add() 1 row(s) to database
2022-09-25 22:37:50.388626	DEBUG	database	Class instantiated
2022-09-25 22:37:50.389288	DEBUG	database	Test class instantiated
2022-09-25 22:37:50.411363	DEBUG	database	Connected
2022-09-25 22:37:50.412785	DEBUG	database	Class instantiated
2022-09-25 22:37:50.413208	DEBUG	database	Test class instantiated
2022-09-25 22:37:50.432296	DEBUG	database	Connected
2022-09-25 22:37:50.441506	DEBUG	database	Transaction committed
2022-09-25 22:37:50.442337	DEBUG	database	Connection closed
2022-09-25 22:37:50.461434	DEBUG	database	Connected
2022-09-25 22:37:50.464414	DEBUG	database	Connection closed
2022-09-25 22:37:50.483316	DEBUG	database	Connected
2022-09-25 22:37:50.512814	DEBUG	database	Transaction committed
2022-09-25 22:37:50.520891	DEBUG	database	Transaction committed
2022-09-25 22:37:50.521786	DEBUG	database	Connection closed
2022-09-25 22:37:50.543961	DEBUG	database	Connected
2022-09-25 22:37:50.580919	DEBUG	database	Transaction committed
2022-09-25 22:37:50.581346	INFO	database	Table test_table created
2022-09-25 22:37:50.586183	DEBUG	database	Transaction committed
2022-09-25 22:37:50.597640	DEBUG	database	Transaction committed
2022-09-25 22:37:50.619585	DEBUG	database	Transaction committed
2022-09-25 22:37:50.620004	INFO	database	Table test_table created
2022-09-25 22:37:50.622640	DEBUG	database	Class instantiated
2022-09-25 22:37:50.623218	DEBUG	database	Test class instantiated
2022-09-25 22:37:50.642467	DEBUG	database	Connected
2022-09-25 22:37:50.643420	DEBUG	database	Connection closed
2022-09-25 22:37:50.644535	DEBUG	database	Class instantiated
2022-09-25 22:37:50.645113	DEBUG	database	Test class instantiated
2022-09-25 22:37:50.663823	DEBUG	database	Connected
2022-09-25 22:37:50.672888	DEBUG	database	Transaction committed
2022-09-25 22:37:50.701363	DEBUG	database	Transaction committed
2022-09-25 22:37:50.701779	INFO	database	Table test_table created
2022-09-25 22:37:50.706460	DEBUG	database	Transaction committed
2022-09-25 22:37:50.714126	DEBUG	database	Transaction committed
2022-09-25 22:37:50.740611	DEBUG	database	Transaction committed
2022-09-25 22:37:50.741022	INFO	database	Table test_table created
2022-09-25 22:37:50.743668	DEBUG	database	Db.add() inserted row in test_table
2022-09-25 22:37:50.745870	DEBUG	database	Transaction committed
2022-09-25 22:37:50.746365	INFO	database	Db.add() 1 row(s) to database
2022-09-25 22:37:50.749067	DEBUG	database	Class instantiated
2022-09-25 22:37:50.749617	DEBUG	database	Test class instantiated
2022-09-25 22:37:50.769192	DEBUG	database	Connected
2022-09-25 22:37:50.777598	DEBUG	database	Transaction committed
2022-09-25 22:37:50.801392	DEBUG	database	Transaction committed
2022-09-25 22:37:50.801813	INFO	database	Table test_table created
2022-09-25 22:37:50.840967	DEBUG	database	Transaction committed
2022-09-25 22:37:50.864373	DEBUG	database	Transaction committed
2022-09-25 22:37:50.864787	INFO	database	Table test_table created
2022-09-25 22:38:59.068677	DEBUG	database	Class instantiated
2022-09-25 22:38:59.069160	DEBUG	database	Test class instantiated
2022-09-25 22:38:59.092417	DEBUG	database	Connected
2022-09-25 22:38:59.093914	DEBUG	database	Class instantiated
2022-09-25 22:38:59.094341	DEBUG	database	Test class instantiated
2022-09-25 22:38:59.117523	DEBUG	database	Connected
2022-09-25 22:38:59.130732	DEBUG	database	Transaction committed
2022-09-25 22:38:59.132093	DEBUG	database	Connection closed
2022-09-25 22:38:59.154813	DEBUG	database	Connected
2022-09-25 22:38:59.157551	DEBUG	database	Connection closed
2022-09-25 22:38:59.178294	DEBUG	database	Connected
2022-09-25 22:38:59.212351	DEBUG	database	Transaction committed
2022-09-25 22:38:59.222802	DEBUG	database	Transaction committed
2022-09-25 22:38:59.223982	DEBUG	database	Connection closed
2022-09-25 22:38:59.247269	DEBUG	database	Connected
2022-09-25 22:38:59.288178	DEBUG	database	Transaction committed
2022-09-25 22:38:59.288703	INFO	database	Table test_table created
2022-09-25 22:38:59.296153	DEBUG	database	Transaction committed
2022-09-25 22:38:59.311421	DEBUG	database	Transaction committed
2022-09-25 22:38:59.342793	DEBUG	database	Transaction committed
2022-09-25 22:38:59.343224	INFO	database	Table test_table created
2022-09-25 22:38:59.345852	DEBUG	database	Class instantiated
2022-09-25 22:38:59.346302	DEBUG	database	Test class instantiated
2022-09-25 22:38:59.365494	DEBUG	database	Connected
2022-09-25 22:38:59.366421	DEBUG	database	Connection closed
2022-09-25 22:38:59.367238	DEBUG	database	Class instantiated
2022-09-25 22:38:59.367681	DEBUG	database	Test class instantiated
2022-09-25 22:38:59.385822	DEBUG	database	Connected
2022-09-25 22:38:59.395202	DEBUG	database	Transaction committed
2022-09-25 22:38:59.420536	DEBUG	database	Transaction committed
2022-09-25 22:38:59.420972	INFO	database	Table test_table created
2022-09-25 22:38:59.426374	DEBUG	database	Transaction committed
2022-09-25 22:38:59.437627	DEBUG	database	Transaction committed
2022-09-25 22:38:59.461596	DEBUG	database	Transaction committed
2022-09-25 22:38:59.462102	INFO	database	Table test_table created
2022-09-25 22:38:59.465007	DEBUG	database	Db.add() inserted row in test_table
2022-09-25 22:38:59.468509	DEBUG	database	Transaction committed
2022-09-25 22:38:59.469027	INFO	database	Db.add() 1 row(s) to database
2022-09-25 22:38:59.472017	DEBUG	database	Class instantiated
2022-09-25 22:38:59.472824	DEBUG	database	Test class instantiated
2022-09-25 22:38:59.494666	DEBUG	database	Connected
2022-09-25 22:38:59.505061	DEBUG	database	Transaction committed
2022-09-25 22:38:59.532426	DEBUG	database	Transaction committed
2022-09-25 22:38:59.532853	INFO	database	Table test_table created
2022-09-25 22:38:59.570963	DEBUG	database	Transaction committed
2022-09-25 22:38:59.591642	DEBUG	database	Transaction committed
2022-09-25 22:38:59.592066	INFO	database	Table test_table created
2022-09-25 22:38:59.613899	DEBUG	database	Db.add() inserted row in test_table
2022-09-25 22:38:59.616780	DEBUG	database	Transaction committed
2022-09-25 22:38:59.617191	INFO	database	Db.add() 1 row(s) to database
2022-09-25 22:41:02.111840	DEBUG	database	Class instantiated
2022-09-25 22:41:02.112547	DEBUG	database	Test class instantiated
2022-09-25 22:41:02.134669	DEBUG	database	Connected
2022-09-25 22:41:02.136106	DEBUG	database	Class instantiated
2022-09-25 22:41:02.136802	DEBUG	database	Test class instantiated
2022-09-25 22:41:02.155708	DEBUG	database	Connected
2022-09-25 22:41:02.166274	DEBUG	database	Transaction committed
2022-09-25 22:41:02.167367	DEBUG	database	Connection closed
2022-09-25 22:41:02.186404	DEBUG	database	Connected
2022-09-25 22:41:02.188775	DEBUG	database	Connection closed
2022-09-25 22:41:02.208245	DEBUG	database	Connected
2022-09-25 22:41:02.241391	DEBUG	database	Transaction committed
2022-09-25 22:41:02.249498	DEBUG	database	Transaction committed
2022-09-25 22:41:02.250290	DEBUG	database	Connection closed
2022-09-25 22:41:02.269859	DEBUG	database	Connected
2022-09-25 22:41:02.364339	DEBUG	database	Transaction committed
2022-09-25 22:41:02.364881	INFO	database	Table test_table created
2022-09-25 22:41:02.371155	DEBUG	database	Transaction committed
2022-09-25 22:41:02.382539	DEBUG	database	Transaction committed
2022-09-25 22:41:02.408377	DEBUG	database	Transaction committed
2022-09-25 22:41:02.408801	INFO	database	Table test_table created
2022-09-25 22:41:02.411151	DEBUG	database	Class instantiated
2022-09-25 22:41:02.411526	DEBUG	database	Test class instantiated
2022-09-25 22:41:02.429775	DEBUG	database	Connected
2022-09-25 22:41:02.430683	DEBUG	database	Connection closed
2022-09-25 22:41:02.431501	DEBUG	database	Class instantiated
2022-09-25 22:41:02.431931	DEBUG	database	Test class instantiated
2022-09-25 22:41:02.450741	DEBUG	database	Connected
2022-09-25 22:41:02.459921	DEBUG	database	Transaction committed
2022-09-25 22:41:02.485121	DEBUG	database	Transaction committed
2022-09-25 22:41:02.485510	INFO	database	Table test_table created
2022-09-25 22:41:02.493769	DEBUG	database	Transaction committed
2022-09-25 22:41:02.501505	DEBUG	database	Transaction committed
2022-09-25 22:41:02.525137	DEBUG	database	Transaction committed
2022-09-25 22:41:02.525527	INFO	database	Table test_table created
2022-09-25 22:41:02.528387	DEBUG	database	Db.add() inserted row in test_table
2022-09-25 22:41:02.531524	DEBUG	database	Transaction committed
2022-09-25 22:41:02.531977	INFO	database	Db.add() 1 row(s) to database
2022-09-25 22:41:02.534622	DEBUG	database	Class instantiated
2022-09-25 22:41:02.535251	DEBUG	database	Test class instantiated
2022-09-25 22:41:02.554407	DEBUG	database	Connected
2022-09-25 22:41:02.563924	DEBUG	database	Transaction committed
2022-09-25 22:41:02.590530	DEBUG	database	Transaction committed
2022-09-25 22:41:02.590975	INFO	database	Table test_table created
2022-09-25 22:41:02.630536	DEBUG	database	Transaction committed
2022-09-25 22:41:02.650254	DEBUG	database	Transaction committed
2022-09-25 22:41:02.650692	INFO	database	Table test_table created
2022-09-25 22:41:02.674402	DEBUG	database	Db.add() inserted row in test_table
2022-09-25 22:41:02.677429	DEBUG	database	Transaction committed
2022-09-25 22:41:02.677848	INFO	database	Db.add() 1 row(s) to database
2022-09-25 22:41:16.974639	DEBUG	database	Class instantiated
2022-09-25 22:41:16.975241	DEBUG	database	Test class instantiated
2022-09-25 22:41:16.998067	DEBUG	database	Connected
2022-09-25 22:41:16.999549	DEBUG	database	Class instantiated
2022-09-25 22:41:17.000260	DEBUG	database	Test class instantiated
2022-09-25 22:41:17.018778	DEBUG	database	Connected
2022-09-25 22:41:17.026327	DEBUG	database	Transaction committed
2022-09-25 22:41:17.027134	DEBUG	database	Connection closed
2022-09-25 22:41:17.046339	DEBUG	database	Connected
2022-09-25 22:41:17.049807	DEBUG	database	Connection closed
2022-09-25 22:41:17.068745	DEBUG	database	Connected
2022-09-25 22:41:17.097813	DEBUG	database	Transaction committed
2022-09-25 22:41:17.106147	DEBUG	database	Transaction committed
2022-09-25 22:41:17.106792	DEBUG	database	Connection closed
2022-09-25 22:41:17.125218	DEBUG	database	Connected
2022-09-25 22:41:17.156044	DEBUG	database	Transaction committed
2022-09-25 22:41:17.156607	INFO	database	Table test_table created
2022-09-25 22:41:17.162927	DEBUG	database	Transaction committed
2022-09-25 22:41:17.177148	DEBUG	database	Transaction committed
2022-09-25 22:41:17.198807	DEBUG	database	Transaction committed
2022-09-25 22:41:17.199230	INFO	database	Table test_table created
2022-09-25 22:41:17.201625	DEBUG	database	Class instantiated
2022-09-25 22:41:17.202118	DEBUG	database	Test class instantiated
2022-09-25 22:41:17.221647	DEBUG	database	Connected
2022-09-25 22:41:17.222558	DEBUG	database	Connection closed
2022-09-25 22:41:17.223629	DEBUG	database	Class instantiated
2022-09-25 22:41:17.224296	DEBUG	database	Test class instantiated
2022-09-25 22:41:17.242590	DEBUG	database	Connected
2022-09-25 22:41:17.251341	DEBUG	database	Transaction committed
2022-09-25 22:41:17.280633	DEBUG	database	Transaction committed
2022-09-25 22:41:17.281077	INFO	database	Table test_table created
2022-09-25 22:41:17.285428	DEBUG	database	Transaction committed
2022-09-25 22:41:17.292845	DEBUG	database	Transaction committed
2022-09-25 22:41:17.316667	DEBUG	database	Transaction committed
2022-09-25 22:41:17.317273	INFO	database	Table test_table created
2022-09-25 22:41:17.320224	DEBUG	database	Db.add() inserted row in test_table
2022-09-25 22:41:17.323264	DEBUG	database	Transaction committed
2022-09-25 22:41:17.323856	INFO	database	Db.add() 1 row(s) to database
2022-09-25 22:41:17.326424	DEBUG	database	Class instantiated
2022-09-25 22:41:17.327190	DEBUG	database	Test class instantiated
2022-09-25 22:41:17.346091	DEBUG	database	Connected
2022-09-25 22:41:17.355825	DEBUG	database	Transaction committed
2022-09-25 22:41:17.382988	DEBUG	database	Transaction committed
2022-09-25 22:41:17.383427	INFO	database	Table test_table created
2022-09-25 22:41:17.424938	DEBUG	database	Transaction committed
2022-09-25 22:41:17.444530	DEBUG	database	Transaction committed
2022-09-25 22:41:17.445056	INFO	database	Table test_table created
2022-09-25 22:41:17.467438	DEBUG	database	Db.add() inserted row in test_table
2022-09-25 22:41:17.470599	DEBUG	database	Transaction committed
2022-09-25 22:41:17.471117	INFO	database	Db.add() 1 row(s) to database
